<?xml version="1.0" encoding="utf-8"?><testsuites name="pytest tests"><testsuite name="pytest" errors="0" failures="1" skipped="0" tests="24" time="3.127" timestamp="2026-08-07T05:04:05.444027+00:00" hostname="agent-env-6687d012-48cb-4e1e-ab16-4125030858db"><testcase classname="tests.test_coza_backend" name="test_root" time="0.286" /><testcase classname="tests.test_coza_backend" name="test_meta_has_products" time="0.049" /><testcase classname="tests.test_coza_backend" name="test_signup_new_user" time="0.272"><failure message="AssertionError: assert 'test_d23f334e67@coza.app' == 'TEST_d23f334e67@coza.app'&#10;  &#10;  - TEST_d23f334e67@coza.app&#10;  ? ^^^^&#10;  + test_d23f334e67@coza.app&#10;  ? ^^^^">backend/tests/test_coza_backend.py:66: in test_signup_new_user
    assert j["user"]["email"] == email
E   AssertionError: assert 'test_d23f334e67@coza.app' == 'TEST_d23f334e67@coza.app'
E     
E     - TEST_d23f334e67@coza.app
E     ? ^^^^
E     + test_d23f334e67@coza.app
E     ? ^^^^</failure></testcase><testcase classname="tests.test_coza_backend" name="test_signup_duplicate_returns_409" time="0.113" /><testcase classname="tests.test_coza_backend" name="test_login_wrong_password" time="0.266" /><testcase classname="tests.test_coza_backend" name="test_login_and_me" time="0.312" /><testcase classname="tests.test_coza_backend" name="test_me_requires_auth" time="0.044" /><testcase classname="tests.test_coza_backend" name="test_me_invalid_token" time="0.044" /><testcase classname="tests.test_coza_backend" name="test_products_default" time="0.048" /><testcase classname="tests.test_coza_backend" name="test_products_pagination" time="0.088" /><testcase classname="tests.test_coza_backend" name="test_products_limit_validation" time="0.042" /><testcase classname="tests.test_coza_backend" name="test_filters_endpoint" time="0.047" /><testcase classname="tests.test_coza_backend" name="test_products_filter_by_category" time="0.092" /><testcase classname="tests.test_coza_backend" name="test_products_filter_by_origin" time="0.092" /><testcase classname="tests.test_coza_backend" name="test_products_filter_by_supplier" time="0.093" /><testcase classname="tests.test_coza_backend" name="test_products_price_range" time="0.047" /><testcase classname="tests.test_coza_backend" name="test_products_sort_price_asc" time="0.045" /><testcase classname="tests.test_coza_backend" name="test_products_sort_price_desc" time="0.047" /><testcase classname="tests.test_coza_backend" name="test_products_search" time="0.101" /><testcase classname="tests.test_coza_backend" name="test_product_detail" time="0.088" /><testcase classname="tests.test_coza_backend" name="test_product_detail_404" time="0.042" /><testcase classname="tests.test_coza_backend" name="test_analytics" time="0.059" /><testcase classname="tests.test_coza_backend" name="test_favorites_flow" time="0.387" /><testcase classname="tests.test_coza_backend" name="test_favorites_requires_auth" time="0.040" /></testsuite></testsuites>