<?xml version="1.0" encoding="utf-8"?><testsuites name="pytest tests"><testsuite name="pytest" errors="0" failures="0" skipped="0" tests="39" time="4.905" timestamp="2026-08-07T06:19:12.485468+00:00" hostname="agent-env-6687d012-48cb-4e1e-ab16-4125030858db"><testcase classname="tests.test_coza_v2" name="test_login_ece_non_email" time="0.455" /><testcase classname="tests.test_coza_backend" name="test_root" time="0.229" /><testcase classname="tests.test_coza_backend" name="test_meta_has_products" time="0.227" /><testcase classname="tests.test_coza_v2" name="test_login_cem_non_email" time="0.495" /><testcase classname="tests.test_coza_backend" name="test_signup_new_user" time="0.272" /><testcase classname="tests.test_coza_backend" name="test_signup_duplicate_returns_409" time="0.224" /><testcase classname="tests.test_coza_v2" name="test_login_admin_has_admin_role" time="0.498" /><testcase classname="tests.test_coza_backend" name="test_login_wrong_password" time="0.271" /><testcase classname="tests.test_coza_v2" name="test_login_wrong_pw" time="0.444" /><testcase classname="tests.test_coza_backend" name="test_login_and_me" time="0.671" /><testcase classname="tests.test_coza_backend" name="test_me_requires_auth" time="0.046" /><testcase classname="tests.test_coza_backend" name="test_me_invalid_token" time="0.269" /><testcase classname="tests.test_coza_v2" name="test_admin_settings_get_admin_ok" time="0.421" /><testcase classname="tests.test_coza_backend" name="test_products_default" time="0.051" /><testcase classname="tests.test_coza_backend" name="test_products_pagination" time="0.103" /><testcase classname="tests.test_coza_backend" name="test_products_limit_validation" time="0.046" /><testcase classname="tests.test_coza_backend" name="test_filters_endpoint" time="0.232" /><testcase classname="tests.test_coza_backend" name="test_products_filter_by_category" time="0.105" /><testcase classname="tests.test_coza_v2" name="test_admin_settings_get_viewer_forbidden" time="0.466" /><testcase classname="tests.test_coza_backend" name="test_products_filter_by_origin" time="0.143" /><testcase classname="tests.test_coza_v2" name="test_admin_settings_put_viewer_forbidden" time="0.095" /><testcase classname="tests.test_coza_v2" name="test_admin_settings_put_admin_ok" time="0.446" /><testcase classname="tests.test_coza_backend" name="test_products_filter_by_supplier" time="0.102" /><testcase classname="tests.test_coza_backend" name="test_products_price_range" time="0.050" /><testcase classname="tests.test_coza_backend" name="test_products_sort_price_asc" time="0.053" /><testcase classname="tests.test_coza_backend" name="test_products_sort_price_desc" time="0.052" /><testcase classname="tests.test_coza_backend" name="test_products_search" time="0.100" /><testcase classname="tests.test_coza_backend" name="test_product_detail" time="0.142" /><testcase classname="tests.test_coza_v2" name="test_scrape_viewer_forbidden" time="0.171" /><testcase classname="tests.test_coza_backend" name="test_product_detail_404" time="0.046" /><testcase classname="tests.test_coza_backend" name="test_analytics" time="0.064" /><testcase classname="tests.test_coza_v2" name="test_products_have_manufacturer_code_and_full_code" time="0.096" /><testcase classname="tests.test_coza_backend" name="test_favorites_flow" time="0.484" /><testcase classname="tests.test_coza_v2" name="test_products_q_prefix_returns_matching_manufacturer_codes" time="0.207" /><testcase classname="tests.test_coza_v2" name="test_products_code_filter_prefix" time="0.250" /><testcase classname="tests.test_coza_backend" name="test_favorites_requires_auth" time="0.055" /><testcase classname="tests.test_coza_v2" name="test_products_is_new_filter_boolean" time="0.101" /><testcase classname="tests.test_coza_v2" name="test_product_composition_returns_shape" time="0.306" /><testcase classname="tests.test_coza_v2" name="test_composition_404" time="0.106" /></testsuite></testsuites>