<?xml version="1.0" encoding="utf-8"?><testsuites name="pytest tests"><testsuite name="pytest" errors="0" failures="1" skipped="0" tests="16" time="4.517" timestamp="2026-08-07T08:43:01.513671+00:00" hostname="agent-env-6687d012-48cb-4e1e-ab16-4125030858db"><testcase classname="tests.test_coza_v3" name="test_code_5216_all_products_origin_turkiye" time="0.224" /><testcase classname="tests.test_coza_v3" name="test_origins_are_real_country_values_majority" time="0.145"><failure message="assert 422 == 200&#10; +  where 422 = &lt;Response [422]&gt;.status_code">tests/test_coza_v3.py:57: in test_origins_are_real_country_values_majority
    assert r.status_code == 200
E   assert 422 == 200
E    +  where 422 = &lt;Response [422]&gt;.status_code</failure></testcase><testcase classname="tests.test_coza_v3" name="test_currency_is_euro_and_english_names" time="0.105" /><testcase classname="tests.test_coza_v3" name="test_analytics_origin_distribution_excludes_belirleniyor" time="0.114" /><testcase classname="tests.test_coza_v3" name="test_search_by_origin_turkiye" time="0.146" /><testcase classname="tests.test_coza_v3" name="test_search_by_manufacturer_code_prefix" time="0.243" /><testcase classname="tests.test_coza_v3" name="test_search_by_category" time="0.252" /><testcase classname="tests.test_coza_v3" name="test_manufacturers_list" time="0.143" /><testcase classname="tests.test_coza_v3" name="test_manufacturers_q_filter" time="0.099" /><testcase classname="tests.test_coza_v3" name="test_analytics_manufacturer_5216" time="0.100" /><testcase classname="tests.test_coza_v3" name="test_analytics_manufacturer_unknown_code" time="0.097" /><testcase classname="tests.test_coza_v3" name="test_composition_returns_shape" time="1.462" /><testcase classname="tests.test_coza_v3" name="test_scrape_viewer_forbidden" time="0.424" /><testcase classname="tests.test_coza_v3" name="test_settings_viewer_forbidden" time="0.092" /><testcase classname="tests.test_coza_v3" name="test_settings_admin_ok" time="0.433" /><testcase classname="tests.test_coza_v3" name="test_filters_categories_and_origins" time="0.101" /></testsuite></testsuites>