<?xml version="1.0" encoding="utf-8"?><testsuites name="pytest tests"><testsuite name="pytest" errors="0" failures="0" skipped="0" tests="20" time="4.472" timestamp="2026-08-07T13:10:47.857874+00:00" hostname="agent-env-6687d012-48cb-4e1e-ab16-4125030858db"><testcase classname="tests.test_auth_wall" name="test_login_success_all_fixed_users[cem-Umutcem1085-admin]" time="0.516" /><testcase classname="tests.test_auth_wall" name="test_login_success_all_fixed_users[ece-ece123-viewer]" time="0.278" /><testcase classname="tests.test_auth_wall" name="test_login_success_all_fixed_users[burak-burak123-viewer]" time="0.271" /><testcase classname="tests.test_auth_wall" name="test_login_success_all_fixed_users[beyza-beyza123-viewer]" time="0.287" /><testcase classname="tests.test_auth_wall" name="test_login_success_all_fixed_users[ferdi-ferdi123-viewer]" time="0.272" /><testcase classname="tests.test_auth_wall" name="test_login_case_insensitive_admin" time="0.270" /><testcase classname="tests.test_auth_wall" name="test_login_wrong_password_admin" time="0.275" /><testcase classname="tests.test_auth_wall" name="test_login_wrong_password_viewer" time="0.272" /><testcase classname="tests.test_auth_wall" name="test_login_unknown_username" time="0.054" /><testcase classname="tests.test_auth_wall" name="test_login_removed_legacy_username" time="0.048" /><testcase classname="tests.test_auth_wall" name="test_signup_endpoint_removed" time="0.049" /><testcase classname="tests.test_auth_wall" name="test_me_admin_role" time="0.329" /><testcase classname="tests.test_auth_wall" name="test_me_viewer_role" time="0.319" /><testcase classname="tests.test_auth_wall" name="test_me_requires_auth" time="0.052" /><testcase classname="tests.test_auth_wall" name="test_admin_settings_viewer_403" time="0.054" /><testcase classname="tests.test_auth_wall" name="test_admin_settings_admin_200" time="0.054" /><testcase classname="tests.test_auth_wall" name="test_admin_enrich_viewer_403" time="0.054" /><testcase classname="tests.test_auth_wall" name="test_admin_enrich_admin_ok" time="0.055" /><testcase classname="tests.test_auth_wall" name="test_admin_scrape_viewer_403" time="0.081" /><testcase classname="tests.test_auth_wall" name="test_db_contains_exactly_five_users" time="0.006" /></testsuite></testsuites>